0 info it worked if it ends with ok
1 verbose cli [ 'F:\\node\\toolsdelopment\\node.exe',
1 verbose cli   'F:\\node\\toolsdelopment\\node_modules\\npm\\bin\\npm-cli.js',
1 verbose cli   'start' ]
2 info using npm@3.10.10
3 info using node@v6.10.0
4 verbose run-script [ 'prestart', 'start', 'poststart' ]
5 info lifecycle maoyan@0.0.0~prestart: maoyan@0.0.0
6 silly lifecycle maoyan@0.0.0~prestart: no script for prestart, continuing
7 info lifecycle maoyan@0.0.0~start: maoyan@0.0.0
8 verbose lifecycle maoyan@0.0.0~start: unsafe-perm in lifecycle true
9 verbose lifecycle maoyan@0.0.0~start: PATH: F:\node\toolsdelopment\node_modules\npm\bin\node-gyp-bin;C:\Users\Admin\Desktop\电影数据分析系统\源程序\express\maoyan\node_modules\.bin;C:\Program Files (x86)\Common Files\Oracle\Java\javapath;C:\WINDOWS\system32;C:\WINDOWS;C:\WINDOWS\System32\Wbem;C:\WINDOWS\System32\WindowsPowerShell\v1.0\;C:\WINDOWS\System32\OpenSSH\;C:\Program Files\Microsoft VS Code\bin;E:\developTools\python\Anaconda3;E:\developTools\python\Anaconda3\Library\mingw-w64\bin;E:\developTools\python\Anaconda3\Library\usr\bin;E:\developTools\python\Anaconda3\Library\bin;E:\developTools\python\Anaconda3\Scripts;C:\Users\Admin\AppData\Local\Microsoft\WindowsApps;E:\developTools\javaStudy\javaEvir\jdk\bin;F:\mysqlServer\MongoDB\bin;F:\node\toolsdelopment\;F:\node\toolsdelopment\node_global;F:\mysqlServer\Neo4j\app\neo4j\bin;F:\node\Git\cmd;E:\developTools\apache-maven-3.6.0\bin;E:\developTools\python\Anaconda3;E:\developTools\python\Anaconda3\Library\mingw-w64\bin;E:\developTools\python\Anaconda3\Library\usr\bin;E:\developTools\python\Anaconda3\Library\bin;E:\developTools\python\Anaconda3\Scripts;C:\Users\Admin\AppData\Local\Microsoft\WindowsApps;E:\developTools\javaStudy\IntelliJ IDEA 2018.3.2\bin;;E:\developTools\apache-maven-3.6.0\bin;E:\NLP\CRF++-0.58;
10 verbose lifecycle maoyan@0.0.0~start: CWD: C:\Users\Admin\Desktop\电影数据分析系统\源程序\express\maoyan
11 silly lifecycle maoyan@0.0.0~start: Args: [ '/d /s /c', 'node ./bin/www' ]
12 silly lifecycle maoyan@0.0.0~start: Returned: code: 1  signal: null
13 info lifecycle maoyan@0.0.0~start: Failed to exec start script
14 verbose stack Error: maoyan@0.0.0 start: `node ./bin/www`
14 verbose stack Exit status 1
14 verbose stack     at EventEmitter.<anonymous> (F:\node\toolsdelopment\node_modules\npm\lib\utils\lifecycle.js:255:16)
14 verbose stack     at emitTwo (events.js:106:13)
14 verbose stack     at EventEmitter.emit (events.js:191:7)
14 verbose stack     at ChildProcess.<anonymous> (F:\node\toolsdelopment\node_modules\npm\lib\utils\spawn.js:40:14)
14 verbose stack     at emitTwo (events.js:106:13)
14 verbose stack     at ChildProcess.emit (events.js:191:7)
14 verbose stack     at maybeClose (internal/child_process.js:877:16)
14 verbose stack     at Process.ChildProcess._handle.onexit (internal/child_process.js:226:5)
15 verbose pkgid maoyan@0.0.0
16 verbose cwd C:\Users\Admin\Desktop\电影数据分析系统\源程序\express\maoyan
17 error Windows_NT 10.0.17134
18 error argv "F:\\node\\toolsdelopment\\node.exe" "F:\\node\\toolsdelopment\\node_modules\\npm\\bin\\npm-cli.js" "start"
19 error node v6.10.0
20 error npm  v3.10.10
21 error code ELIFECYCLE
22 error maoyan@0.0.0 start: `node ./bin/www`
22 error Exit status 1
23 error Failed at the maoyan@0.0.0 start script 'node ./bin/www'.
23 error Make sure you have the latest version of node.js and npm installed.
23 error If you do, this is most likely a problem with the maoyan package,
23 error not with npm itself.
23 error Tell the author that this fails on your system:
23 error     node ./bin/www
23 error You can get information on how to open an issue for this project with:
23 error     npm bugs maoyan
23 error Or if that isn't available, you can get their info via:
23 error     npm owner ls maoyan
23 error There is likely additional logging output above.
24 verbose exit [ 1, true ]
